c:\users\alex liu\desktop\drain\s2rybruh\debug\s2rybruh.pdb
c:\users\alex liu\desktop\drain\s2rybruh\debug\s2rybruh.idb
c:\users\alex liu\desktop\drain\s2rybruh\debug\wav.obj
c:\users\alex liu\desktop\drain\s2rybruh\debug\vector4.obj
c:\users\alex liu\desktop\drain\s2rybruh\debug\vector3.obj
c:\users\alex liu\desktop\drain\s2rybruh\debug\vector2.obj
c:\users\alex liu\desktop\drain\s2rybruh\debug\time.obj
c:\users\alex liu\desktop\drain\s2rybruh\debug\storyboard.obj
c:\users\alex liu\desktop\drain\s2rybruh\debug\sprite.obj
c:\users\alex liu\desktop\drain\s2rybruh\debug\origin.obj
c:\users\alex liu\desktop\drain\s2rybruh\debug\musicanalysisdata.obj
c:\users\alex liu\desktop\drain\s2rybruh\debug\musicanalysis.obj
c:\users\alex liu\desktop\drain\s2rybruh\debug\matrix.obj
c:\users\alex liu\desktop\drain\s2rybruh\debug\layer.obj
c:\users\alex liu\desktop\drain\s2rybruh\debug\easing.obj
c:\users\alex liu\desktop\drain\s2rybruh\debug\color.obj
c:\users\alex liu\desktop\drain\s2rybruh\debug\kiss_fftr.obj
c:\users\alex liu\desktop\drain\s2rybruh\debug\kiss_fft.obj
c:\users\alex liu\desktop\drain\drain\debug\s2rybruh.lib
c:\users\alex liu\desktop\drain\drain\s2rybruh\debug\color.obj
c:\users\alex liu\desktop\drain\drain\s2rybruh\debug\easing.obj
c:\users\alex liu\desktop\drain\drain\s2rybruh\debug\kiss_fft.obj
c:\users\alex liu\desktop\drain\drain\s2rybruh\debug\kiss_fftr.obj
c:\users\alex liu\desktop\drain\drain\s2rybruh\debug\layer.obj
c:\users\alex liu\desktop\drain\drain\s2rybruh\debug\matrix.obj
c:\users\alex liu\desktop\drain\drain\s2rybruh\debug\musicanalysis.obj
c:\users\alex liu\desktop\drain\drain\s2rybruh\debug\musicanalysisdata.obj
c:\users\alex liu\desktop\drain\drain\s2rybruh\debug\origin.obj
c:\users\alex liu\desktop\drain\drain\s2rybruh\debug\sprite.obj
c:\users\alex liu\desktop\drain\drain\s2rybruh\debug\storyboard.obj
c:\users\alex liu\desktop\drain\drain\s2rybruh\debug\time.obj
c:\users\alex liu\desktop\drain\drain\s2rybruh\debug\vector2.obj
c:\users\alex liu\desktop\drain\drain\s2rybruh\debug\vector3.obj
c:\users\alex liu\desktop\drain\drain\s2rybruh\debug\vector4.obj
c:\users\alex liu\desktop\drain\drain\s2rybruh\debug\wav.obj
c:\users\alex liu\desktop\drain\drain\s2rybruh\debug\s2rybruh.idb
c:\users\alex liu\desktop\drain\drain\s2rybruh\debug\s2rybruh.pdb
c:\users\alex liu\desktop\drain\drain\debug\s2rybruh.pdb
c:\users\alex liu\desktop\drain\drain\s2rybruh\debug\s2rybruh.tlog\cl.command.1.tlog
c:\users\alex liu\desktop\drain\drain\s2rybruh\debug\s2rybruh.tlog\cl.read.1.tlog
c:\users\alex liu\desktop\drain\drain\s2rybruh\debug\s2rybruh.tlog\cl.write.1.tlog
c:\users\alex liu\desktop\drain\drain\s2rybruh\debug\s2rybruh.tlog\lib-link.read.1.tlog
c:\users\alex liu\desktop\drain\drain\s2rybruh\debug\s2rybruh.tlog\lib-link.write.1.tlog
c:\users\alex liu\desktop\drain\drain\s2rybruh\debug\s2rybruh.tlog\lib.command.1.tlog
